#
# There is insufficient memory for the Java Runtime Environment to continue.
# Native memory allocation (malloc) failed to allocate 1048576 bytes. Error detail: AllocateHeap
# Possible reasons:
#   The system is out of physical RAM or swap space
#   This process is running with CompressedOops enabled, and the Java Heap may be blocking the growth of the native heap
# Possible solutions:
#   Reduce memory load on the system
#   Increase physical memory or swap space
#   Check if swap backing store is full
#   Decrease Java heap size (-Xmx/-Xms)
#   Decrease number of Java threads
#   Decrease Java thread stack sizes (-Xss)
#   Set larger code cache with -XX:ReservedCodeCacheSize=
#   JVM is running with Unscaled Compressed Oops mode in which the Java heap is
#     placed in the first 4GB address space. The Java Heap base address is the
#     maximum limit for the native heap growth. Please use -XX:HeapBaseMinAddress
#     to set the Java Heap base and to place the Java Heap above 4GB virtual address.
# This output file may be truncated or incomplete.
#
#  Out of Memory Error (allocation.cpp:44), pid=31716, tid=2408
#
# JRE version: OpenJDK Runtime Environment Temurin-21.0.10+7 (21.0.10+7) (build 21.0.10+7-LTS)
# Java VM: OpenJDK 64-Bit Server VM Temurin-21.0.10+7 (21.0.10+7-LTS, mixed mode, sharing, tiered, compressed oops, compressed class ptrs, parallel gc, windows-amd64)
# No core dump will be written. Minidumps are not enabled by default on client versions of Windows
#

---------------  S U M M A R Y ------------

Command Line: --add-modules=ALL-SYSTEM --add-opens=java.base/java.util=ALL-UNNAMED --add-opens=java.base/java.lang=ALL-UNNAMED --add-opens=java.base/sun.nio.fs=ALL-UNNAMED -Declipse.application=org.eclipse.jdt.ls.core.id1 -Dosgi.bundles.defaultStartLevel=4 -Declipse.product=org.eclipse.jdt.ls.core.product -Djava.import.generatesMetadataFilesAtProjectRoot=false -DDetectVMInstallationsJob.disabled=true -Dfile.encoding=utf8 -XX:+UseParallelGC -XX:GCTimeRatio=4 -XX:AdaptiveSizePolicyWeight=90 -Dsun.zip.disableMemoryMapping=true -Xmx2G -Xms100m -Xlog:disable -javaagent:c:\Users\HP\.vscode\extensions\redhat.java-1.54.0-win32-x64\lombok\lombok-1.18.39-4050.jar -XX:+HeapDumpOnOutOfMemoryError -XX:HeapDumpPath=c:\Users\HP\AppData\Roaming\Code\User\workspaceStorage\5e6163801beefd879b02f71052a87889\redhat.java -Daether.dependencyCollector.impl=bf c:\Users\HP\.vscode\extensions\redhat.java-1.54.0-win32-x64\server\plugins\org.eclipse.equinox.launcher_1.7.100.v20251111-0406.jar -configuration c:\Users\HP\AppData\Roaming\Code\User\globalStorage\redhat.java\1.54.0\config_win -data c:\Users\HP\AppData\Roaming\Code\User\workspaceStorage\5e6163801beefd879b02f71052a87889\redhat.java\jdt_ws --pipe=\\.\pipe\lsp-6db541546d75c05e1ffcb16f2845f75d-sock

Host: 13th Gen Intel(R) Core(TM) i5-13420H, 12 cores, 15G,  Windows 11 , 64 bit Build 26100 (10.0.26100.8328)
Time: Fri Jun  5 18:26:05 2026 India Standard Time elapsed time: 349.870467 seconds (0d 0h 5m 49s)

---------------  T H R E A D  ---------------

Current thread (0x0000022ffa24f360):  JavaThread "Attach Listener" daemon [_thread_in_vm, id=2408, stack(0x000000b6be700000,0x000000b6be800000) (1024K)]

Stack: [0x000000b6be700000,0x000000b6be800000]
Native frames: (J=compiled Java code, j=interpreted, Vv=VM code, C=native code)
V  [jvm.dll+0x6d7a39]
V  [jvm.dll+0x8b4b26]
V  [jvm.dll+0x8b70de]
V  [jvm.dll+0x8b77c3]
V  [jvm.dll+0x284346]
V  [jvm.dll+0xc1277]
V  [jvm.dll+0x6d82e9]
V  [jvm.dll+0x1334a6]
V  [jvm.dll+0x3f857e]
V  [jvm.dll+0x85f59d]
V  [jvm.dll+0x6d626d]
C  [ucrtbase.dll+0x37b0]
C  [KERNEL32.DLL+0x2e957]
C  [ntdll.dll+0x427c]


---------------  P R O C E S S  ---------------

Threads class SMR info:
_java_thread_list=0x0000022fe996c1d0, length=67, elements={
0x0000022ff9e6b0c0, 0x0000022ffa247380, 0x0000022fffb6e8f0, 0x0000022ffa24a3f0,
0x0000022ffa24f360, 0x0000022ffa24d090, 0x0000022ffa24e720, 0x0000022ffa2584e0,
0x0000022ffa259560, 0x0000022fd5236b00, 0x0000022fd53b41e0, 0x0000022fda6915e0,
0x0000022fdaab89f0, 0x0000022fda4e4180, 0x0000022fda64c710, 0x0000022fdaee5bb0,
0x0000022fdb19b600, 0x0000022fdaf98d30, 0x0000022fdb05a800, 0x0000022fdabe11d0,
0x0000022fdb32cc70, 0x0000022fdb32c5e0, 0x0000022fdb32b230, 0x0000022fdb32d300,
0x0000022fdb32e6b0, 0x0000022fdb32b8c0, 0x0000022fdb32d990, 0x0000022fdb32e020,
0x0000022fdb32bf50, 0x0000022fdbc51710, 0x0000022fdbc52ac0, 0x0000022fdbc51080,
0x0000022fdbc51da0, 0x0000022fdbc52430, 0x0000022fdbc53150, 0x0000022fdbc537e0,
0x0000022fdbc53e70, 0x0000022fdbc509f0, 0x0000022fdbc56c60, 0x0000022fdbc565d0,
0x0000022fdbc54b90, 0x0000022fdbc558b0, 0x0000022fdbc58010, 0x0000022fdd554aa0,
0x0000022fdd556b70, 0x0000022fdd5557c0, 0x0000022fdd555e50, 0x0000022fdd5536f0,
0x0000022fdd555130, 0x0000022fdd553d80, 0x0000022fdd5564e0, 0x0000022fdd554410,
0x0000022fdd559960, 0x0000022fdd55a680, 0x0000022fdd557f20, 0x0000022fdd558c40,
0x0000022fdd55ad10, 0x0000022fdd5592d0, 0x0000022fdd559ff0, 0x0000022fde5082a0,
0x0000022fde508930, 0x0000022fde506860, 0x0000022fde505b40, 0x0000022fde507c10,
0x0000022fde50c440, 0x0000022fde50d160, 0x0000022fde50cad0
}

Java Threads: ( => current thread )
  0x0000022ff9e6b0c0 JavaThread "main"                              [_thread_blocked, id=14844, stack(0x000000b6be000000,0x000000b6be100000) (1024K)]
  0x0000022ffa247380 JavaThread "Reference Handler"          daemon [_thread_blocked, id=12580, stack(0x000000b6be400000,0x000000b6be500000) (1024K)]
  0x0000022fffb6e8f0 JavaThread "Finalizer"                  daemon [_thread_blocked, id=15748, stack(0x000000b6be500000,0x000000b6be600000) (1024K)]
  0x0000022ffa24a3f0 JavaThread "Signal Dispatcher"          daemon [_thread_blocked, id=29316, stack(0x000000b6be600000,0x000000b6be700000) (1024K)]
=>0x0000022ffa24f360 JavaThread "Attach Listener"            daemon [_thread_in_vm, id=2408, stack(0x000000b6be700000,0x000000b6be800000) (1024K)]
  0x0000022ffa24d090 JavaThread "Service Thread"             daemon [_thread_blocked, id=17492, stack(0x000000b6be800000,0x000000b6be900000) (1024K)]
  0x0000022ffa24e720 JavaThread "Monitor Deflation Thread"   daemon [_thread_blocked, id=16148, stack(0x000000b6be900000,0x000000b6bea00000) (1024K)]
  0x0000022ffa2584e0 JavaThread "C2 CompilerThread0"         daemon [_thread_blocked, id=21836, stack(0x000000b6bea00000,0x000000b6beb00000) (1024K)]
  0x0000022ffa259560 JavaThread "C1 CompilerThread0"         daemon [_thread_blocked, id=13344, stack(0x000000b6beb00000,0x000000b6bec00000) (1024K)]
  0x0000022fd5236b00 JavaThread "Common-Cleaner"             daemon [_thread_blocked, id=27308, stack(0x000000b6bed00000,0x000000b6bee00000) (1024K)]
  0x0000022fd53b41e0 JavaThread "Notification Thread"        daemon [_thread_blocked, id=20352, stack(0x000000b6bef00000,0x000000b6bf000000) (1024K)]
  0x0000022fda6915e0 JavaThread "Active Thread: Equinox Container: 9dc067bb-0ff5-4b14-8cb8-081ea1e45f7c"        [_thread_blocked, id=41120, stack(0x000000b6bf600000,0x000000b6bf700000) (1024K)]
  0x0000022fdaab89f0 JavaThread "Refresh Thread: Equinox Container: 9dc067bb-0ff5-4b14-8cb8-081ea1e45f7c" daemon [_thread_blocked, id=8096, stack(0x000000b6bf800000,0x000000b6bf900000) (1024K)]
  0x0000022fda4e4180 JavaThread "Framework Event Dispatcher: Equinox Container: 9dc067bb-0ff5-4b14-8cb8-081ea1e45f7c" daemon [_thread_blocked, id=45256, stack(0x000000b6bf900000,0x000000b6bfa00000) (1024K)]
  0x0000022fda64c710 JavaThread "Start Level: Equinox Container: 9dc067bb-0ff5-4b14-8cb8-081ea1e45f7c" daemon [_thread_blocked, id=25244, stack(0x000000b6bfa00000,0x000000b6bfb00000) (1024K)]
  0x0000022fdaee5bb0 JavaThread "Bundle File Closer"         daemon [_thread_blocked, id=31144, stack(0x000000b6bfd00000,0x000000b6bfe00000) (1024K)]
  0x0000022fdb19b600 JavaThread "SCR Component Actor"        daemon [_thread_blocked, id=24532, stack(0x000000b6bec00000,0x000000b6bed00000) (1024K)]
  0x0000022fdaf98d30 JavaThread "Worker-JM"                         [_thread_blocked, id=14640, stack(0x000000b6bff00000,0x000000b6c0000000) (1024K)]
  0x0000022fdb05a800 JavaThread "Worker-0"                          [_thread_blocked, id=9036, stack(0x000000b6c0000000,0x000000b6c0100000) (1024K)]
  0x0000022fdabe11d0 JavaThread "Worker-1"                          [_thread_blocked, id=37988, stack(0x000000b6c0100000,0x000000b6c0200000) (1024K)]
  0x0000022fdb32cc70 JavaThread "Java indexing"              daemon [_thread_blocked, id=5248, stack(0x000000b6bfe00000,0x000000b6bff00000) (1024K)]
  0x0000022fdb32c5e0 JavaThread "JNA Cleaner"                daemon [_thread_blocked, id=2848, stack(0x000000b6c0300000,0x000000b6c0400000) (1024K)]
  0x0000022fdb32b230 JavaThread "Worker-2"                          [_thread_blocked, id=8488, stack(0x000000b6c0600000,0x000000b6c0700000) (1024K)]
  0x0000022fdb32d300 JavaThread "Worker-3"                          [_thread_blocked, id=4472, stack(0x000000b6c0700000,0x000000b6c0800000) (1024K)]
  0x0000022fdb32e6b0 JavaThread "Thread-1"                   daemon [_thread_in_native, id=24460, stack(0x000000b6c0800000,0x000000b6c0900000) (1024K)]
  0x0000022fdb32b8c0 JavaThread "Thread-2"                   daemon [_thread_in_native, id=32208, stack(0x000000b6c0900000,0x000000b6c0a00000) (1024K)]
  0x0000022fdb32d990 JavaThread "Thread-3"                   daemon [_thread_in_native, id=25420, stack(0x000000b6c0a00000,0x000000b6c0b00000) (1024K)]
  0x0000022fdb32e020 JavaThread "Thread-4"                   daemon [_thread_in_native, id=36752, stack(0x000000b6c0b00000,0x000000b6c0c00000) (1024K)]
  0x0000022fdb32bf50 JavaThread "Thread-5"                   daemon [_thread_in_native, id=31132, stack(0x000000b6c0c00000,0x000000b6c0d00000) (1024K)]
  0x0000022fdbc51710 JavaThread "Thread-6"                   daemon [_thread_in_native, id=26896, stack(0x000000b6c0d00000,0x000000b6c0e00000) (1024K)]
  0x0000022fdbc52ac0 JavaThread "Thread-7"                   daemon [_thread_in_native, id=30532, stack(0x000000b6c0e00000,0x000000b6c0f00000) (1024K)]
  0x0000022fdbc51080 JavaThread "Thread-8"                   daemon [_thread_in_native, id=4008, stack(0x000000b6c0f00000,0x000000b6c1000000) (1024K)]
  0x0000022fdbc51da0 JavaThread "Thread-9"                   daemon [_thread_in_native, id=21936, stack(0x000000b6c1000000,0x000000b6c1100000) (1024K)]
  0x0000022fdbc52430 JavaThread "Thread-10"                  daemon [_thread_in_native, id=10568, stack(0x000000b6c1100000,0x000000b6c1200000) (1024K)]
  0x0000022fdbc53150 JavaThread "Thread-11"                  daemon [_thread_in_native, id=44444, stack(0x000000b6c1200000,0x000000b6c1300000) (1024K)]
  0x0000022fdbc537e0 JavaThread "Thread-12"                  daemon [_thread_in_native, id=22604, stack(0x000000b6c1300000,0x000000b6c1400000) (1024K)]
  0x0000022fdbc53e70 JavaThread "Thread-13"                  daemon [_thread_in_native, id=25400, stack(0x000000b6c1400000,0x000000b6c1500000) (1024K)]
  0x0000022fdbc509f0 JavaThread "pool-2-thread-1"                   [_thread_blocked, id=37608, stack(0x000000b6c1500000,0x000000b6c1600000) (1024K)]
  0x0000022fdbc56c60 JavaThread "Worker-4"                          [_thread_blocked, id=26024, stack(0x000000b6c1600000,0x000000b6c1700000) (1024K)]
  0x0000022fdbc565d0 JavaThread "WorkspaceEventsHandler"            [_thread_blocked, id=7540, stack(0x000000b6c1800000,0x000000b6c1900000) (1024K)]
  0x0000022fdbc54b90 JavaThread "pool-1-thread-1"                   [_thread_blocked, id=23288, stack(0x000000b6c1900000,0x000000b6c1a00000) (1024K)]
  0x0000022fdbc558b0 JavaThread "Worker-5"                          [_thread_blocked, id=11156, stack(0x000000b6c1a00000,0x000000b6c1b00000) (1024K)]
  0x0000022fdbc58010 JavaThread "Compiler Source File Reader" daemon [_thread_blocked, id=26596, stack(0x000000b6c1c00000,0x000000b6c1d00000) (1024K)]
  0x0000022fdd554aa0 JavaThread "ForkJoinPool.commonPool-worker-1" daemon [_thread_blocked, id=40052, stack(0x000000b6c1e00000,0x000000b6c1f00000) (1024K)]
  0x0000022fdd556b70 JavaThread "ForkJoinPool.commonPool-worker-2" daemon [_thread_blocked, id=17340, stack(0x000000b6c1f00000,0x000000b6c2000000) (1024K)]
  0x0000022fdd5557c0 JavaThread "ForkJoinPool.commonPool-worker-3" daemon [_thread_blocked, id=15948, stack(0x000000b6c2000000,0x000000b6c2100000) (1024K)]
  0x0000022fdd555e50 JavaThread "ForkJoinPool.commonPool-worker-4" daemon [_thread_blocked, id=1452, stack(0x000000b6c2100000,0x000000b6c2200000) (1024K)]
  0x0000022fdd5536f0 JavaThread "ForkJoinPool.commonPool-worker-5" daemon [_thread_blocked, id=10080, stack(0x000000b6c2200000,0x000000b6c2300000) (1024K)]
  0x0000022fdd555130 JavaThread "ForkJoinPool.commonPool-worker-6" daemon [_thread_blocked, id=44560, stack(0x000000b6c2300000,0x000000b6c2400000) (1024K)]
  0x0000022fdd553d80 JavaThread "ForkJoinPool.commonPool-worker-7" daemon [_thread_blocked, id=3532, stack(0x000000b6c2400000,0x000000b6c2500000) (1024K)]
  0x0000022fdd5564e0 JavaThread "ForkJoinPool.commonPool-worker-8" daemon [_thread_blocked, id=31864, stack(0x000000b6c2500000,0x000000b6c2600000) (1024K)]
  0x0000022fdd554410 JavaThread "ForkJoinPool.commonPool-worker-9" daemon [_thread_blocked, id=39500, stack(0x000000b6c0200000,0x000000b6c0300000) (1024K)]
  0x0000022fdd559960 JavaThread "ForkJoinPool.commonPool-worker-10" daemon [_thread_blocked, id=14044, stack(0x000000b6c2600000,0x000000b6c2700000) (1024K)]
  0x0000022fdd55a680 JavaThread "ForkJoinPool.commonPool-worker-11" daemon [_thread_blocked, id=35192, stack(0x000000b6c2700000,0x000000b6c2800000) (1024K)]
  0x0000022fdd557f20 JavaThread "Cleaner-0"                  daemon [_thread_blocked, id=39300, stack(0x000000b6c2900000,0x000000b6c2a00000) (1024K)]
  0x0000022fdd558c40 JavaThread "Compiler Source File Reader" daemon [_thread_blocked, id=16564, stack(0x000000b6c2800000,0x000000b6c2900000) (1024K)]
  0x0000022fdd55ad10 JavaThread "Compiler Source File Reader" daemon [_thread_blocked, id=29760, stack(0x000000b6bee00000,0x000000b6bef00000) (1024K)]
  0x0000022fdd5592d0 JavaThread "Compiler Source File Reader" daemon [_thread_blocked, id=45624, stack(0x000000b6c1b00000,0x000000b6c1c00000) (1024K)]
  0x0000022fdd559ff0 JavaThread "Compiler Source File Reader" daemon [_thread_blocked, id=35636, stack(0x000000b6c2a00000,0x000000b6c2b00000) (1024K)]
  0x0000022fde5082a0 JavaThread "Compiler Source File Reader" daemon [_thread_blocked, id=22204, stack(0x000000b6c2b00000,0x000000b6c2c00000) (1024K)]
  0x0000022fde508930 JavaThread "Compiler Source File Reader" daemon [_thread_blocked, id=14896, stack(0x000000b6c2c00000,0x000000b6c2d00000) (1024K)]
  0x0000022fde506860 JavaThread "Compiler Source File Reader" daemon [_thread_blocked, id=17928, stack(0x000000b6bdd00000,0x000000b6bde00000) (1024K)]
  0x0000022fde505b40 JavaThread "Compiler Source File Reader" daemon [_thread_blocked, id=10424, stack(0x000000b6bde00000,0x000000b6bdf00000) (1024K)]
  0x0000022fde507c10 JavaThread "Compiler Source File Reader" daemon [_thread_blocked, id=26112, stack(0x000000b6bdf00000,0x000000b6be000000) (1024K)]
  0x0000022fde50c440 JavaThread "Java Debug Server"          daemon [_thread_in_native, id=20712, stack(0x000000b6c0400000,0x000000b6c0500000) (1024K)]
  0x0000022fde50d160 JavaThread "RxSchedulerPurge-1"         daemon [_thread_blocked, id=24236, stack(0x000000b6c2d00000,0x000000b6c2e00000) (1024K)]
  0x0000022fde50cad0 JavaThread "RxCachedWorkerPoolEvictor-1" daemon [_thread_blocked, id=30284, stack(0x000000b6c2e00000,0x000000b6c2f00000) (1024K)]
Total: 67

Other Threads:
  0x0000022ffa2429f0 VMThread "VM Thread"                           [id=43068, stack(0x000000b6be300000,0x000000b6be400000) (1024K)]
  0x0000022fffa4ca00 WatcherThread "VM Periodic Task Thread"        [id=44296, stack(0x000000b6be200000,0x000000b6be300000) (1024K)]
  0x0000022ffa1bd7b0 WorkerThread "GC Thread#0"                     [id=42176, stack(0x000000b6be100000,0x000000b6be200000) (1024K)]
  0x0000022fd537f500 WorkerThread "GC Thread#1"                     [id=25812, stack(0x000000b6bf000000,0x000000b6bf100000) (1024K)]
  0x0000022fda7e6330 WorkerThread "GC Thread#2"                     [id=24900, stack(0x000000b6bf100000,0x000000b6bf200000) (1024K)]
  0x0000022fda923460 WorkerThread "GC Thread#3"                     [id=21104, stack(0x000000b6bf200000,0x000000b6bf300000) (1024K)]
  0x0000022fda923810 WorkerThread "GC Thread#4"                     [id=35612, stack(0x000000b6bf300000,0x000000b6bf400000) (1024K)]
  0x0000022fda923bc0 WorkerThread "GC Thread#5"                     [id=13720, stack(0x000000b6bf400000,0x000000b6bf500000) (1024K)]
  0x0000022fda9113a0 WorkerThread "GC Thread#6"                     [id=37844, stack(0x000000b6bf500000,0x000000b6bf600000) (1024K)]
  0x0000022fda921f20 WorkerThread "GC Thread#7"                     [id=1644, stack(0x000000b6bf700000,0x000000b6bf800000) (1024K)]
  0x0000022fdaa31b30 WorkerThread "GC Thread#8"                     [id=32236, stack(0x000000b6bfb00000,0x000000b6bfc00000) (1024K)]
  0x0000022fdaeeeac0 WorkerThread "GC Thread#9"                     [id=5392, stack(0x000000b6bfc00000,0x000000b6bfd00000) (1024K)]
Total: 12

Threads with active compile tasks:
Total: 0

VM state: not at safepoint (normal execution)

VM Mutex/Monitor currently owned by a thread: None

Heap address: 0x0000000080000000, size: 2048 MB, Compressed Oops mode: 32-bit

CDS archive(s) mapped at: [0x0000022f93000000-0x0000022f93ba0000-0x0000022f93ba0000), size 12189696, SharedBaseAddress: 0x0000022f93000000, ArchiveRelocationMode: 1.
Compressed class space mapped at: 0x0000022f94000000-0x0000022fd4000000, reserved size: 1073741824
Narrow klass base: 0x0000022f93000000, Narrow klass shift: 0, Narrow klass range: 0x100000000

GC Precious Log:
 CardTable entry size: 512
 CPUs: 12 total, 12 available
 Memory: 16013M
 Large Page Support: Disabled
 NUMA Support: Disabled
 Compressed Oops: Enabled (32-bit)
 Alignments: Space 512K, Generation 512K, Heap 2M
 Heap Min Capacity: 100M
 Heap Initial Capacity: 100M
 Heap Max Capacity: 2G
 Pre-touch: Disabled
 Parallel Workers: 10

Heap:
 PSYoungGen      total 3584K, used 3009K [0x00000000d5580000, 0x00000000d5b00000, 0x0000000100000000)
  eden space 3072K, 90% used [0x00000000d5580000,0x00000000d58386c8,0x00000000d5880000)
  from space 512K, 43% used [0x00000000d5a80000,0x00000000d5ab8000,0x00000000d5b00000)
  to   space 1024K, 0% used [0x00000000d5900000,0x00000000d5900000,0x00000000d5a00000)
 ParOldGen       total 814080K, used 308040K [0x0000000080000000, 0x00000000b1b00000, 0x00000000d5580000)
  object space 814080K, 37% used [0x0000000080000000,0x0000000092cd2070,0x00000000b1b00000)
 Metaspace       used 86752K, committed 88448K, reserved 1179648K
  class space    used 9408K, committed 10112K, reserved 1048576K

Card table byte_map: [0x0000022ffee80000,0x0000022fff290000] _byte_map_base: 0x0000022ffea80000

Marking Bits: (ParMarkBitMap*) 0x00007ffc79e73450
 Begin Bits: [0x0000022f8f000000, 0x0000022f91000000)
 End Bits:   [0x0000022f91000000, 0x0000022f93000000)

Polling page: 0x0000022ffa580000

Metaspace:

Usage:
  Non-class:     75.53 MB used.
      Class:      9.19 MB used.
       Both:     84.72 MB used.

Virtual space:
  Non-class space:      128.00 MB reserved,      76.50 MB ( 60%) committed,  2 nodes.
      Class space:        1.00 GB reserved,       9.88 MB ( <1%) committed,  1 nodes.
             Both:        1.12 GB reserved,      86.38 MB (  7%) committed. 

Chunk freelists:
   Non-Class:  3.45 MB
       Class:  6.14 MB
        Both:  9.59 MB

MaxMetaspaceSize: unlimited
CompressedClassSpaceSize: 1.00 GB
Initial GC threshold: 21.00 MB
Current GC threshold: 142.94 MB
CDS: on
 - commit_granule_bytes: 65536.
 - commit_granule_words: 8192.
 - virtual_space_node_default_size: 8388608.
 - enlarge_chunks_in_place: 1.
 - use_allocation_guard: 0.


Internal statistics:

num_allocs_failed_limit: 11.
num_arena_births: 1454.
num_arena_deaths: 14.
num_vsnodes_births: 3.
num_vsnodes_deaths: 0.
num_space_committed: 1382.
num_space_uncommitted: 0.
num_chunks_returned_to_freelist: 25.
num_chunks_taken_from_freelist: 5497.
num_chunk_merges: 17.
num_chunk_splits: 3366.
num_chunks_enlarged: 1905.
num_inconsistent_stats: 0.

CodeHeap 'non-profiled nmethods': size=120000Kb used=13003Kb max_used=13003Kb free=106996Kb
 bounds [0x0000022f87ad0000, 0x0000022f88790000, 0x0000022f8f000000]
CodeHeap 'profiled nmethods': size=120000Kb used=34377Kb max_used=34377Kb free=85622Kb
 bounds [0x0000022f80000000, 0x0000022f821a0000, 0x0000022f87530000]
CodeHeap 'non-nmethods': size=5760Kb used=1536Kb max_used=1581Kb free=4223Kb
 bounds [0x0000022f87530000, 0x0000022f877a0000, 0x0000022f87ad0000]
CodeCache: size=245760Kb, used=48916Kb, max_used=48961Kb, free=196841Kb
 total_blobs=14845, nmethods=13986, adapters=760, full_count=0
Compilation: enabled, stopped_count=0, restarted_count=0

Compilation events (20 events):
Event: 308.352 Thread 0x0000022ffa259560 15488       3       org.eclipse.core.internal.localstore.SafeChunkyOutputStream::write (22 bytes)
Event: 308.353 Thread 0x0000022ffa259560 nmethod 15488 0x0000022f80c4a090 code [0x0000022f80c4a260, 0x0000022f80c4a4e0]
Event: 308.368 Thread 0x0000022ffa259560 15489       3       org.eclipse.core.internal.localstore.SafeChunkyInputStream::compare (45 bytes)
Event: 308.369 Thread 0x0000022ffa259560 nmethod 15489 0x0000022f80c49b10 code [0x0000022f80c49cc0, 0x0000022f80c49f28]
Event: 308.369 Thread 0x0000022ffa259560 15490       3       org.eclipse.core.internal.localstore.SafeChunkyInputStream::read (71 bytes)
Event: 308.369 Thread 0x0000022ffa259560 nmethod 15490 0x0000022f80c49290 code [0x0000022f80c494a0, 0x0000022f80c49978]
Event: 309.217 Thread 0x0000022ffa259560 15491       3       java.util.concurrent.locks.AbstractQueuedSynchronizer$Node::setStatusRelaxed (12 bytes)
Event: 309.218 Thread 0x0000022ffa259560 nmethod 15491 0x0000022f80c48f10 code [0x0000022f80c490a0, 0x0000022f80c491b8]
Event: 312.220 Thread 0x0000022ffa259560 15492       3       java.util.concurrent.ThreadPoolExecutor::beforeExecute (1 bytes)
Event: 312.221 Thread 0x0000022ffa259560 nmethod 15492 0x0000022f80181090 code [0x0000022f80181220, 0x0000022f80181328]
Event: 322.217 Thread 0x0000022ffa259560 15493       3       java.util.concurrent.locks.AbstractQueuedSynchronizer$ConditionObject::unlinkCancelledWaiters (91 bytes)
Event: 322.218 Thread 0x0000022ffa259560 nmethod 15493 0x0000022f80c48890 code [0x0000022f80c48a40, 0x0000022f80c48dd0]
Event: 324.226 Thread 0x0000022ffa259560 15494       3       java.util.concurrent.ThreadPoolExecutor::afterExecute (1 bytes)
Event: 324.226 Thread 0x0000022ffa259560 nmethod 15494 0x0000022f804b8810 code [0x0000022f804b89a0, 0x0000022f804b8aa8]
Event: 339.217 Thread 0x0000022ffa259560 15495   !   3       java.util.concurrent.ThreadPoolExecutor::getTask (177 bytes)
Event: 339.218 Thread 0x0000022ffa259560 nmethod 15495 0x0000022f80c47310 code [0x0000022f80c475c0, 0x0000022f80c483f0]
Event: 347.216 Thread 0x0000022ffa259560 15496       3       java.util.concurrent.ConcurrentHashMap$CollectionView::toArray (145 bytes)
Event: 347.217 Thread 0x0000022ffa259560 nmethod 15496 0x0000022f80c46190 code [0x0000022f80c46400, 0x0000022f80c46f20]
Event: 348.217 Thread 0x0000022ffa259560 15497       3       io.reactivex.internal.schedulers.SchedulerPoolFactory$ScheduledTask::run (66 bytes)
Event: 348.220 Thread 0x0000022ffa259560 nmethod 15497 0x0000022f80c44f90 code [0x0000022f80c45200, 0x0000022f80c45da8]

GC Heap History (20 events):
Event: 288.141 GC heap before
{Heap before GC invocations=785 (full 4):
 PSYoungGen      total 3072K, used 3072K [0x00000000d5580000, 0x00000000d5a00000, 0x0000000100000000)
  eden space 2560K, 100% used [0x00000000d5580000,0x00000000d5800000,0x00000000d5800000)
  from space 512K, 100% used [0x00000000d5900000,0x00000000d5980000,0x00000000d5980000)
  to   space 1024K, 0% used [0x00000000d5800000,0x00000000d5800000,0x00000000d5900000)
 ParOldGen       total 814080K, used 296850K [0x0000000080000000, 0x00000000b1b00000, 0x00000000d5580000)
  object space 814080K, 36% used [0x0000000080000000,0x00000000921e4880,0x00000000b1b00000)
 Metaspace       used 86703K, committed 88384K, reserved 1179648K
  class space    used 9404K, committed 10112K, reserved 1048576K
}
Event: 288.143 GC heap after
{Heap after GC invocations=785 (full 4):
 PSYoungGen      total 3584K, used 1021K [0x00000000d5580000, 0x00000000d5b00000, 0x0000000100000000)
  eden space 2560K, 0% used [0x00000000d5580000,0x00000000d5580000,0x00000000d5800000)
  from space 1024K, 99% used [0x00000000d5800000,0x00000000d58ff5b8,0x00000000d5900000)
  to   space 1536K, 0% used [0x00000000d5980000,0x00000000d5980000,0x00000000d5b00000)
 ParOldGen       total 814080K, used 297178K [0x0000000080000000, 0x00000000b1b00000, 0x00000000d5580000)
  object space 814080K, 36% used [0x0000000080000000,0x0000000092236880,0x00000000b1b00000)
 Metaspace       used 86703K, committed 88384K, reserved 1179648K
  class space    used 9404K, committed 10112K, reserved 1048576K
}
Event: 288.149 GC heap before
{Heap before GC invocations=786 (full 4):
 PSYoungGen      total 3584K, used 3581K [0x00000000d5580000, 0x00000000d5b00000, 0x0000000100000000)
  eden space 2560K, 100% used [0x00000000d5580000,0x00000000d5800000,0x00000000d5800000)
  from space 1024K, 99% used [0x00000000d5800000,0x00000000d58ff5b8,0x00000000d5900000)
  to   space 1536K, 0% used [0x00000000d5980000,0x00000000d5980000,0x00000000d5b00000)
 ParOldGen       total 814080K, used 297178K [0x0000000080000000, 0x00000000b1b00000, 0x00000000d5580000)
  object space 814080K, 36% used [0x0000000080000000,0x0000000092236880,0x00000000b1b00000)
 Metaspace       used 86703K, committed 88384K, reserved 1179648K
  class space    used 9404K, committed 10112K, reserved 1048576K
}
Event: 288.152 GC heap after
{Heap after GC invocations=786 (full 4):
 PSYoungGen      total 2048K, used 1536K [0x00000000d5580000, 0x00000000d6000000, 0x0000000100000000)
  eden space 512K, 0% used [0x00000000d5580000,0x00000000d5580000,0x00000000d5600000)
  from space 1536K, 100% used [0x00000000d5980000,0x00000000d5b00000,0x00000000d5b00000)
  to   space 3584K, 0% used [0x00000000d5600000,0x00000000d5600000,0x00000000d5980000)
 ParOldGen       total 814080K, used 298979K [0x0000000080000000, 0x00000000b1b00000, 0x00000000d5580000)
  object space 814080K, 36% used [0x0000000080000000,0x00000000923f8c60,0x00000000b1b00000)
 Metaspace       used 86703K, committed 88384K, reserved 1179648K
  class space    used 9404K, committed 10112K, reserved 1048576K
}
Event: 288.154 GC heap before
{Heap before GC invocations=787 (full 4):
 PSYoungGen      total 2048K, used 2048K [0x00000000d5580000, 0x00000000d6000000, 0x0000000100000000)
  eden space 512K, 100% used [0x00000000d5580000,0x00000000d5600000,0x00000000d5600000)
  from space 1536K, 100% used [0x00000000d5980000,0x00000000d5b00000,0x00000000d5b00000)
  to   space 3584K, 0% used [0x00000000d5600000,0x00000000d5600000,0x00000000d5980000)
 ParOldGen       total 814080K, used 298979K [0x0000000080000000, 0x00000000b1b00000, 0x00000000d5580000)
  object space 814080K, 36% used [0x0000000080000000,0x00000000923f8c60,0x00000000b1b00000)
 Metaspace       used 86703K, committed 88384K, reserved 1179648K
  class space    used 9404K, committed 10112K, reserved 1048576K
}
Event: 288.157 GC heap after
{Heap after GC invocations=787 (full 4):
 PSYoungGen      total 1536K, used 640K [0x00000000d5580000, 0x00000000d5a80000, 0x0000000100000000)
  eden space 512K, 0% used [0x00000000d5580000,0x00000000d5580000,0x00000000d5600000)
  from space 1024K, 62% used [0x00000000d5600000,0x00000000d56a0000,0x00000000d5700000)
  to   space 2048K, 0% used [0x00000000d5880000,0x00000000d5880000,0x00000000d5a80000)
 ParOldGen       total 814080K, used 300571K [0x0000000080000000, 0x00000000b1b00000, 0x00000000d5580000)
  object space 814080K, 36% used [0x0000000080000000,0x0000000092586c60,0x00000000b1b00000)
 Metaspace       used 86703K, committed 88384K, reserved 1179648K
  class space    used 9404K, committed 10112K, reserved 1048576K
}
Event: 288.159 GC heap before
{Heap before GC invocations=788 (full 4):
 PSYoungGen      total 1536K, used 1152K [0x00000000d5580000, 0x00000000d5a80000, 0x0000000100000000)
  eden space 512K, 100% used [0x00000000d5580000,0x00000000d5600000,0x00000000d5600000)
  from space 1024K, 62% used [0x00000000d5600000,0x00000000d56a0000,0x00000000d5700000)
  to   space 2048K, 0% used [0x00000000d5880000,0x00000000d5880000,0x00000000d5a80000)
 ParOldGen       total 814080K, used 300571K [0x0000000080000000, 0x00000000b1b00000, 0x00000000d5580000)
  object space 814080K, 36% used [0x0000000080000000,0x0000000092586c60,0x00000000b1b00000)
 Metaspace       used 86703K, committed 88384K, reserved 1179648K
  class space    used 9404K, committed 10112K, reserved 1048576K
}
Event: 288.160 GC heap after
{Heap after GC invocations=788 (full 4):
 PSYoungGen      total 2048K, used 640K [0x00000000d5580000, 0x00000000d5980000, 0x0000000100000000)
  eden space 1024K, 0% used [0x00000000d5580000,0x00000000d5580000,0x00000000d5680000)
  from space 1024K, 62% used [0x00000000d5880000,0x00000000d5920000,0x00000000d5980000)
  to   space 1024K, 0% used [0x00000000d5780000,0x00000000d5780000,0x00000000d5880000)
 ParOldGen       total 814080K, used 301075K [0x0000000080000000, 0x00000000b1b00000, 0x00000000d5580000)
  object space 814080K, 36% used [0x0000000080000000,0x0000000092604c60,0x00000000b1b00000)
 Metaspace       used 86703K, committed 88384K, reserved 1179648K
  class space    used 9404K, committed 10112K, reserved 1048576K
}
Event: 288.164 GC heap before
{Heap before GC invocations=789 (full 4):
 PSYoungGen      total 2048K, used 1664K [0x00000000d5580000, 0x00000000d5980000, 0x0000000100000000)
  eden space 1024K, 100% used [0x00000000d5580000,0x00000000d5680000,0x00000000d5680000)
  from space 1024K, 62% used [0x00000000d5880000,0x00000000d5920000,0x00000000d5980000)
  to   space 1024K, 0% used [0x00000000d5780000,0x00000000d5780000,0x00000000d5880000)
 ParOldGen       total 814080K, used 301075K [0x0000000080000000, 0x00000000b1b00000, 0x00000000d5580000)
  object space 814080K, 36% used [0x0000000080000000,0x0000000092604c60,0x00000000b1b00000)
 Metaspace       used 86703K, committed 88384K, reserved 1179648K
  class space    used 9404K, committed 10112K, reserved 1048576K
}
Event: 288.167 GC heap after
{Heap after GC invocations=789 (full 4):
 PSYoungGen      total 2560K, used 1012K [0x00000000d5580000, 0x00000000d5b00000, 0x0000000100000000)
  eden space 1536K, 0% used [0x00000000d5580000,0x00000000d5580000,0x00000000d5700000)
  from space 1024K, 98% used [0x00000000d5780000,0x00000000d587d000,0x00000000d5880000)
  to   space 2048K, 0% used [0x00000000d5900000,0x00000000d5900000,0x00000000d5b00000)
 ParOldGen       total 814080K, used 301611K [0x0000000080000000, 0x00000000b1b00000, 0x00000000d5580000)
  object space 814080K, 37% used [0x0000000080000000,0x000000009268ac60,0x00000000b1b00000)
 Metaspace       used 86703K, committed 88384K, reserved 1179648K
  class space    used 9404K, committed 10112K, reserved 1048576K
}
Event: 288.171 GC heap before
{Heap before GC invocations=790 (full 4):
 PSYoungGen      total 2560K, used 2337K [0x00000000d5580000, 0x00000000d5b00000, 0x0000000100000000)
  eden space 1536K, 86% used [0x00000000d5580000,0x00000000d56cb5c0,0x00000000d5700000)
  from space 1024K, 98% used [0x00000000d5780000,0x00000000d587d000,0x00000000d5880000)
  to   space 2048K, 0% used [0x00000000d5900000,0x00000000d5900000,0x00000000d5b00000)
 ParOldGen       total 814080K, used 301611K [0x0000000080000000, 0x00000000b1b00000, 0x00000000d5580000)
  object space 814080K, 37% used [0x0000000080000000,0x000000009268ac60,0x00000000b1b00000)
 Metaspace       used 86703K, committed 88384K, reserved 1179648K
  class space    used 9404K, committed 10112K, reserved 1048576K
}
Event: 288.172 GC heap after
{Heap after GC invocations=790 (full 4):
 PSYoungGen      total 3584K, used 1344K [0x00000000d5580000, 0x00000000d5a80000, 0x0000000100000000)
  eden space 2048K, 0% used [0x00000000d5580000,0x00000000d5580000,0x00000000d5780000)
  from space 1536K, 87% used [0x00000000d5900000,0x00000000d5a50000,0x00000000d5a80000)
  to   space 1536K, 0% used [0x00000000d5780000,0x00000000d5780000,0x00000000d5900000)
 ParOldGen       total 814080K, used 302459K [0x0000000080000000, 0x00000000b1b00000, 0x00000000d5580000)
  object space 814080K, 37% used [0x0000000080000000,0x000000009275ec60,0x00000000b1b00000)
 Metaspace       used 86703K, committed 88384K, reserved 1179648K
  class space    used 9404K, committed 10112K, reserved 1048576K
}
Event: 288.183 GC heap before
{Heap before GC invocations=791 (full 4):
 PSYoungGen      total 3584K, used 3392K [0x00000000d5580000, 0x00000000d5a80000, 0x0000000100000000)
  eden space 2048K, 100% used [0x00000000d5580000,0x00000000d5780000,0x00000000d5780000)
  from space 1536K, 87% used [0x00000000d5900000,0x00000000d5a50000,0x00000000d5a80000)
  to   space 1536K, 0% used [0x00000000d5780000,0x00000000d5780000,0x00000000d5900000)
 ParOldGen       total 814080K, used 302459K [0x0000000080000000, 0x00000000b1b00000, 0x00000000d5580000)
  object space 814080K, 37% used [0x0000000080000000,0x000000009275ec60,0x00000000b1b00000)
 Metaspace       used 86703K, committed 88384K, reserved 1179648K
  class space    used 9404K, committed 10112K, reserved 1048576K
}
Event: 288.185 GC heap after
{Heap after GC invocations=791 (full 4):
 PSYoungGen      total 3584K, used 1523K [0x00000000d5580000, 0x00000000d5f00000, 0x0000000100000000)
  eden space 2048K, 0% used [0x00000000d5580000,0x00000000d5580000,0x00000000d5780000)
  from space 1536K, 99% used [0x00000000d5780000,0x00000000d58fcd60,0x00000000d5900000)
  to   space 3584K, 0% used [0x00000000d5b80000,0x00000000d5b80000,0x00000000d5f00000)
 ParOldGen       total 814080K, used 303803K [0x0000000080000000, 0x00000000b1b00000, 0x00000000d5580000)
  object space 814080K, 37% used [0x0000000080000000,0x00000000928aec60,0x00000000b1b00000)
 Metaspace       used 86703K, committed 88384K, reserved 1179648K
  class space    used 9404K, committed 10112K, reserved 1048576K
}
Event: 288.188 GC heap before
{Heap before GC invocations=792 (full 4):
 PSYoungGen      total 3584K, used 3563K [0x00000000d5580000, 0x00000000d5f00000, 0x0000000100000000)
  eden space 2048K, 99% used [0x00000000d5580000,0x00000000d577e1c0,0x00000000d5780000)
  from space 1536K, 99% used [0x00000000d5780000,0x00000000d58fcd60,0x00000000d5900000)
  to   space 3584K, 0% used [0x00000000d5b80000,0x00000000d5b80000,0x00000000d5f00000)
 ParOldGen       total 814080K, used 303803K [0x0000000080000000, 0x00000000b1b00000, 0x00000000d5580000)
  object space 814080K, 37% used [0x0000000080000000,0x00000000928aec60,0x00000000b1b00000)
 Metaspace       used 86703K, committed 88384K, reserved 1179648K
  class space    used 9404K, committed 10112K, reserved 1048576K
}
Event: 288.191 GC heap after
{Heap after GC invocations=792 (full 4):
 PSYoungGen      total 4608K, used 2024K [0x00000000d5580000, 0x00000000d5d80000, 0x0000000100000000)
  eden space 2560K, 0% used [0x00000000d5580000,0x00000000d5580000,0x00000000d5800000)
  from space 2048K, 98% used [0x00000000d5b80000,0x00000000d5d7a000,0x00000000d5d80000)
  to   space 2560K, 0% used [0x00000000d5880000,0x00000000d5880000,0x00000000d5b00000)
 ParOldGen       total 814080K, used 305496K [0x0000000080000000, 0x00000000b1b00000, 0x00000000d5580000)
  object space 814080K, 37% used [0x0000000080000000,0x0000000092a56070,0x00000000b1b00000)
 Metaspace       used 86703K, committed 88384K, reserved 1179648K
  class space    used 9404K, committed 10112K, reserved 1048576K
}
Event: 288.559 GC heap before
{Heap before GC invocations=793 (full 4):
 PSYoungGen      total 4608K, used 4584K [0x00000000d5580000, 0x00000000d5d80000, 0x0000000100000000)
  eden space 2560K, 100% used [0x00000000d5580000,0x00000000d5800000,0x00000000d5800000)
  from space 2048K, 98% used [0x00000000d5b80000,0x00000000d5d7a000,0x00000000d5d80000)
  to   space 2560K, 0% used [0x00000000d5880000,0x00000000d5880000,0x00000000d5b00000)
 ParOldGen       total 814080K, used 305496K [0x0000000080000000, 0x00000000b1b00000, 0x00000000d5580000)
  object space 814080K, 37% used [0x0000000080000000,0x0000000092a56070,0x00000000b1b00000)
 Metaspace       used 86707K, committed 88384K, reserved 1179648K
  class space    used 9404K, committed 10112K, reserved 1048576K
}
Event: 288.567 GC heap after
{Heap after GC invocations=793 (full 4):
 PSYoungGen      total 4096K, used 960K [0x00000000d5580000, 0x00000000d5c00000, 0x0000000100000000)
  eden space 3072K, 0% used [0x00000000d5580000,0x00000000d5580000,0x00000000d5880000)
  from space 1024K, 93% used [0x00000000d5880000,0x00000000d5970010,0x00000000d5980000)
  to   space 1536K, 0% used [0x00000000d5a80000,0x00000000d5a80000,0x00000000d5c00000)
 ParOldGen       total 814080K, used 307288K [0x0000000080000000, 0x00000000b1b00000, 0x00000000d5580000)
  object space 814080K, 37% used [0x0000000080000000,0x0000000092c16070,0x00000000b1b00000)
 Metaspace       used 86707K, committed 88384K, reserved 1179648K
  class space    used 9404K, committed 10112K, reserved 1048576K
}
Event: 288.729 GC heap before
{Heap before GC invocations=794 (full 4):
 PSYoungGen      total 4096K, used 4032K [0x00000000d5580000, 0x00000000d5c00000, 0x0000000100000000)
  eden space 3072K, 100% used [0x00000000d5580000,0x00000000d5880000,0x00000000d5880000)
  from space 1024K, 93% used [0x00000000d5880000,0x00000000d5970010,0x00000000d5980000)
  to   space 1536K, 0% used [0x00000000d5a80000,0x00000000d5a80000,0x00000000d5c00000)
 ParOldGen       total 814080K, used 307288K [0x0000000080000000, 0x00000000b1b00000, 0x00000000d5580000)
  object space 814080K, 37% used [0x0000000080000000,0x0000000092c16070,0x00000000b1b00000)
 Metaspace       used 86711K, committed 88448K, reserved 1179648K
  class space    used 9404K, committed 10112K, reserved 1048576K
}
Event: 288.732 GC heap after
{Heap after GC invocations=794 (full 4):
 PSYoungGen      total 3584K, used 224K [0x00000000d5580000, 0x00000000d5b00000, 0x0000000100000000)
  eden space 3072K, 0% used [0x00000000d5580000,0x00000000d5580000,0x00000000d5880000)
  from space 512K, 43% used [0x00000000d5a80000,0x00000000d5ab8000,0x00000000d5b00000)
  to   space 1024K, 0% used [0x00000000d5900000,0x00000000d5900000,0x00000000d5a00000)
 ParOldGen       total 814080K, used 308040K [0x0000000080000000, 0x00000000b1b00000, 0x00000000d5580000)
  object space 814080K, 37% used [0x0000000080000000,0x0000000092cd2070,0x00000000b1b00000)
 Metaspace       used 86711K, committed 88448K, reserved 1179648K
  class space    used 9404K, committed 10112K, reserved 1048576K
}

Dll operation events (14 events):
Event: 0.010 Loaded shared library c:\Users\HP\.vscode\extensions\redhat.java-1.54.0-win32-x64\jre\21.0.10-win32-x86_64\bin\java.dll
Event: 0.058 Loaded shared library c:\Users\HP\.vscode\extensions\redhat.java-1.54.0-win32-x64\jre\21.0.10-win32-x86_64\bin\zip.dll
Event: 0.072 Loaded shared library C:\Users\HP\.vscode\extensions\redhat.java-1.54.0-win32-x64\jre\21.0.10-win32-x86_64\bin\instrument.dll
Event: 0.077 Loaded shared library C:\Users\HP\.vscode\extensions\redhat.java-1.54.0-win32-x64\jre\21.0.10-win32-x86_64\bin\net.dll
Event: 0.080 Loaded shared library C:\Users\HP\.vscode\extensions\redhat.java-1.54.0-win32-x64\jre\21.0.10-win32-x86_64\bin\nio.dll
Event: 0.082 Loaded shared library C:\Users\HP\.vscode\extensions\redhat.java-1.54.0-win32-x64\jre\21.0.10-win32-x86_64\bin\zip.dll
Event: 0.096 Loaded shared library C:\Users\HP\.vscode\extensions\redhat.java-1.54.0-win32-x64\jre\21.0.10-win32-x86_64\bin\jimage.dll
Event: 0.136 Loaded shared library c:\Users\HP\.vscode\extensions\redhat.java-1.54.0-win32-x64\jre\21.0.10-win32-x86_64\bin\verify.dll
Event: 0.901 Loaded shared library C:\Users\HP\AppData\Roaming\Code\User\globalStorage\redhat.java\1.54.0\config_win\org.eclipse.equinox.launcher\org.eclipse.equinox.launcher.win32.win32.x86_64_1.3.0.v20260203-2149\eclipse_11919.dll
Event: 3.538 Loaded shared library C:\Users\HP\.vscode\extensions\redhat.java-1.54.0-win32-x64\jre\21.0.10-win32-x86_64\bin\management.dll
Event: 3.540 Loaded shared library C:\Users\HP\.vscode\extensions\redhat.java-1.54.0-win32-x64\jre\21.0.10-win32-x86_64\bin\management_ext.dll
Event: 4.394 Loaded shared library C:\Users\HP\AppData\Local\Temp\jna-2312\jna15288179243025012003.dll
Event: 4.808 Loaded shared library C:\Users\HP\.vscode\extensions\redhat.java-1.54.0-win32-x64\jre\21.0.10-win32-x86_64\bin\sunmscapi.dll
Event: 4.994 Loaded shared library C:\Users\HP\.vscode\extensions\redhat.java-1.54.0-win32-x64\jre\21.0.10-win32-x86_64\bin\extnet.dll

Deoptimization events (20 events):
Event: 308.367 Thread 0x0000022fdb32d300 Uncommon trap: trap_request=0xffffff45 fr.pc=0x0000022f88753d9c relative=0x000000000000053c
Event: 308.367 Thread 0x0000022fdb32d300 Uncommon trap: reason=unstable_if action=reinterpret pc=0x0000022f88753d9c method=org.eclipse.jdt.ls.core.internal.filesystem.JLSFile.getFileStore(Lorg/eclipse/core/runtime/IPath;)Lorg/eclipse/core/filesystem/IFileStore; @ 20 c2
Event: 308.367 Thread 0x0000022fdb32d300 DEOPT PACKING pc=0x0000022f88753d9c sp=0x000000b6c07ff120
Event: 308.367 Thread 0x0000022fdb32d300 DEOPT UNPACKING pc=0x0000022f87583aa2 sp=0x000000b6c07ff0c0 mode 2
Event: 308.368 Thread 0x0000022fdb32d300 Uncommon trap: trap_request=0xffffffde fr.pc=0x0000022f88426308 relative=0x00000000000005a8
Event: 308.368 Thread 0x0000022fdb32d300 Uncommon trap: reason=class_check action=maybe_recompile pc=0x0000022f88426308 method=java.io.InputStream.read([BII)I @ 15 c2
Event: 308.368 Thread 0x0000022fdb32d300 DEOPT PACKING pc=0x0000022f88426308 sp=0x000000b6c07ff010
Event: 308.368 Thread 0x0000022fdb32d300 DEOPT UNPACKING pc=0x0000022f87583aa2 sp=0x000000b6c07fefa8 mode 2
Event: 308.368 Thread 0x0000022fdb32d300 Uncommon trap: trap_request=0xffffffc6 fr.pc=0x0000022f88321998 relative=0x0000000000002f18
Event: 308.368 Thread 0x0000022fdb32d300 Uncommon trap: reason=bimorphic_or_optimized_type_check action=maybe_recompile pc=0x0000022f88321998 method=java.util.Properties.load0(Ljava/util/Properties$LineReader;)V @ 241 c2
Event: 308.368 Thread 0x0000022fdb32d300 DEOPT PACKING pc=0x0000022f88321998 sp=0x000000b6c07ff140
Event: 308.368 Thread 0x0000022fdb32d300 DEOPT UNPACKING pc=0x0000022f87583aa2 sp=0x000000b6c07ff150 mode 2
Event: 308.368 Thread 0x0000022fdb32d300 Uncommon trap: trap_request=0xffffffde fr.pc=0x0000022f88426308 relative=0x00000000000005a8
Event: 308.368 Thread 0x0000022fdb32d300 Uncommon trap: reason=class_check action=maybe_recompile pc=0x0000022f88426308 method=java.io.InputStream.read([BII)I @ 15 c2
Event: 308.368 Thread 0x0000022fdb32d300 DEOPT PACKING pc=0x0000022f88426308 sp=0x000000b6c07ff060
Event: 308.368 Thread 0x0000022fdb32d300 DEOPT UNPACKING pc=0x0000022f87583aa2 sp=0x000000b6c07feff8 mode 2
Event: 349.008 Thread 0x0000022fdd554410 Uncommon trap: trap_request=0xffffff45 fr.pc=0x0000022f87c9e8ec relative=0x000000000000066c
Event: 349.008 Thread 0x0000022fdd554410 Uncommon trap: reason=unstable_if action=reinterpret pc=0x0000022f87c9e8ec method=java.util.concurrent.ForkJoinPool.awaitWork(Ljava/util/concurrent/ForkJoinPool$WorkQueue;)I @ 266 c2
Event: 349.008 Thread 0x0000022fdd554410 DEOPT PACKING pc=0x0000022f87c9e8ec sp=0x000000b6c02ff370
Event: 349.008 Thread 0x0000022fdd554410 DEOPT UNPACKING pc=0x0000022f87583aa2 sp=0x000000b6c02ff2f0 mode 2

Classes loaded (20 events):
Event: 191.373 Loading class java/util/Timer
Event: 191.373 Loading class java/util/Timer done
Event: 191.374 Loading class java/util/TaskQueue
Event: 191.377 Loading class java/util/TaskQueue done
Event: 191.377 Loading class java/util/TimerThread
Event: 191.377 Loading class java/util/TimerThread done
Event: 191.378 Loading class java/util/Timer$ThreadReaper
Event: 191.378 Loading class java/util/Timer$ThreadReaper done
Event: 191.381 Loading class java/util/concurrent/CompletableFuture$UniWhenComplete
Event: 191.381 Loading class java/util/concurrent/CompletableFuture$UniWhenComplete done
Event: 191.382 Loading class java/util/concurrent/CompletableFuture$UniCompose
Event: 191.382 Loading class java/util/concurrent/CompletableFuture$UniCompose done
Event: 191.382 Loading class java/util/concurrent/CompletableFuture$UniRelay
Event: 191.382 Loading class java/util/concurrent/CompletableFuture$UniRelay done
Event: 192.218 Loading class java/util/concurrent/ScheduledThreadPoolExecutor$DelayedWorkQueue$Itr
Event: 192.219 Loading class java/util/concurrent/ScheduledThreadPoolExecutor$DelayedWorkQueue$Itr done
Event: 194.728 Loading class jdk/internal/reflect/MethodHandleByteFieldAccessorImpl
Event: 194.729 Loading class jdk/internal/reflect/MethodHandleByteFieldAccessorImpl done
Event: 194.759 Loading class java/util/concurrent/CompletableFuture$AsyncRun
Event: 194.759 Loading class java/util/concurrent/CompletableFuture$AsyncRun done

Classes unloaded (7 events):
Event: 3.934 Thread 0x0000022ffa2429f0 Unloading class 0x0000022f941a8c00 'java/lang/invoke/LambdaForm$MH+0x0000022f941a8c00'
Event: 3.934 Thread 0x0000022ffa2429f0 Unloading class 0x0000022f941a8800 'java/lang/invoke/LambdaForm$MH+0x0000022f941a8800'
Event: 3.934 Thread 0x0000022ffa2429f0 Unloading class 0x0000022f941a8400 'java/lang/invoke/LambdaForm$MH+0x0000022f941a8400'
Event: 3.934 Thread 0x0000022ffa2429f0 Unloading class 0x0000022f941a8000 'java/lang/invoke/LambdaForm$MH+0x0000022f941a8000'
Event: 3.934 Thread 0x0000022ffa2429f0 Unloading class 0x0000022f941a7c00 'java/lang/invoke/LambdaForm$BMH+0x0000022f941a7c00'
Event: 3.934 Thread 0x0000022ffa2429f0 Unloading class 0x0000022f941a7800 'java/lang/invoke/LambdaForm$DMH+0x0000022f941a7800'
Event: 3.934 Thread 0x0000022ffa2429f0 Unloading class 0x0000022f941a6400 'java/lang/invoke/LambdaForm$DMH+0x0000022f941a6400'

Classes redefined (0 events):
No events

Internal exceptions (20 events):
Event: 240.332 Thread 0x0000022fdd554410 Exception <a 'sun/nio/fs/WindowsException'{0x00000000d56d82d0}> (0x00000000d56d82d0) 
thrown [s\src\hotspot\share\prims\jni.cpp, line 520]
Event: 240.333 Thread 0x0000022fdd554410 Exception <a 'sun/nio/fs/WindowsException'{0x00000000d56d8900}> (0x00000000d56d8900) 
thrown [s\src\hotspot\share\prims\jni.cpp, line 520]
Event: 240.496 Thread 0x0000022fdd554410 Exception <a 'sun/nio/fs/WindowsException'{0x00000000d570e8c0}> (0x00000000d570e8c0) 
thrown [s\src\hotspot\share\prims\jni.cpp, line 520]
Event: 240.496 Thread 0x0000022fdd554410 Exception <a 'sun/nio/fs/WindowsException'{0x00000000d570eef0}> (0x00000000d570eef0) 
thrown [s\src\hotspot\share\prims\jni.cpp, line 520]
Event: 240.753 Thread 0x0000022fdb32cc70 Exception <a 'sun/nio/fs/WindowsException'{0x00000000d55dfcd0}> (0x00000000d55dfcd0) 
thrown [s\src\hotspot\share\prims\jni.cpp, line 520]
Event: 240.804 Thread 0x0000022fdb32cc70 Exception <a 'sun/nio/fs/WindowsException'{0x00000000d56932e0}> (0x00000000d56932e0) 
thrown [s\src\hotspot\share\prims\jni.cpp, line 520]
Event: 241.586 Thread 0x0000022fdd554410 Exception <a 'sun/nio/fs/WindowsException'{0x00000000d57b41d8}> (0x00000000d57b41d8) 
thrown [s\src\hotspot\share\prims\jni.cpp, line 520]
Event: 241.586 Thread 0x0000022fdd554410 Exception <a 'sun/nio/fs/WindowsException'{0x00000000d57b4808}> (0x00000000d57b4808) 
thrown [s\src\hotspot\share\prims\jni.cpp, line 520]
Event: 242.806 Thread 0x0000022fdbc54b90 Exception <a 'java/lang/ArrayIndexOutOfBoundsException'{0x00000000d585cc50}> (0x00000000d585cc50) 
thrown [s\src\hotspot\share\runtime\sharedRuntime.cpp, line 625]
Event: 243.036 Thread 0x0000022fdd554410 Exception <a 'sun/nio/fs/WindowsException'{0x00000000d57852c8}> (0x00000000d57852c8) 
thrown [s\src\hotspot\share\prims\jni.cpp, line 520]
Event: 243.036 Thread 0x0000022fdd554410 Exception <a 'sun/nio/fs/WindowsException'{0x00000000d57858f8}> (0x00000000d57858f8) 
thrown [s\src\hotspot\share\prims\jni.cpp, line 520]
Event: 243.797 Thread 0x0000022fdb32cc70 Implicit null exception at 0x0000022f882f3de4 to 0x0000022f882f5890
Event: 243.801 Thread 0x0000022fdb32cc70 Exception <a 'sun/nio/fs/WindowsException'{0x00000000d574aad0}> (0x00000000d574aad0) 
thrown [s\src\hotspot\share\prims\jni.cpp, line 520]
Event: 243.861 Thread 0x0000022fdb32cc70 Exception <a 'sun/nio/fs/WindowsException'{0x00000000d55953c8}> (0x00000000d55953c8) 
thrown [s\src\hotspot\share\prims\jni.cpp, line 520]
Event: 246.529 Thread 0x0000022fdbc54b90 Exception <a 'java/lang/ArrayIndexOutOfBoundsException'{0x00000000d574f830}> (0x00000000d574f830) 
thrown [s\src\hotspot\share\runtime\sharedRuntime.cpp, line 625]
Event: 249.526 Thread 0x0000022fdb32cc70 Exception <a 'sun/nio/fs/WindowsException'{0x00000000d56d3ef0}> (0x00000000d56d3ef0) 
thrown [s\src\hotspot\share\prims\jni.cpp, line 520]
Event: 249.619 Thread 0x0000022fdb32cc70 Exception <a 'sun/nio/fs/WindowsException'{0x00000000d56d0ce8}> (0x00000000d56d0ce8) 
thrown [s\src\hotspot\share\prims\jni.cpp, line 520]
Event: 249.621 Thread 0x0000022fdb32cc70 Implicit null exception at 0x0000022f882fc68f to 0x0000022f882fd124
Event: 288.138 Thread 0x0000022fdb32cc70 Exception <a 'sun/nio/fs/WindowsException'{0x00000000d56995d8}> (0x00000000d56995d8) 
thrown [s\src\hotspot\share\prims\jni.cpp, line 520]
Event: 288.199 Thread 0x0000022fdb32cc70 Exception <a 'sun/nio/fs/WindowsException'{0x00000000d56435d8}> (0x00000000d56435d8) 
thrown [s\src\hotspot\share\prims\jni.cpp, line 520]

ZGC Phase Switch (0 events):
No events

VM Operations (20 events):
Event: 288.183 Executing safepoint VM operation: ParallelGCFailedAllocation (Allocation Failure)
Event: 288.186 Executing safepoint VM operation: ParallelGCFailedAllocation (Allocation Failure) done
Event: 288.188 Executing safepoint VM operation: ParallelGCFailedAllocation (Allocation Failure)
Event: 288.191 Executing safepoint VM operation: ParallelGCFailedAllocation (Allocation Failure) done
Event: 288.559 Executing safepoint VM operation: ParallelGCFailedAllocation (Allocation Failure)
Event: 288.567 Executing safepoint VM operation: ParallelGCFailedAllocation (Allocation Failure) done
Event: 288.729 Executing safepoint VM operation: ParallelGCFailedAllocation (Allocation Failure)
Event: 288.733 Executing safepoint VM operation: ParallelGCFailedAllocation (Allocation Failure) done
Event: 300.754 Executing non-safepoint VM operation: HandshakeAllThreads (HandshakeForDeflation)
Event: 300.754 Executing non-safepoint VM operation: HandshakeAllThreads (HandshakeForDeflation) done
Event: 300.754 Executing non-safepoint VM operation: RendezvousGCThreads
Event: 300.754 Executing non-safepoint VM operation: RendezvousGCThreads done
Event: 303.755 Executing safepoint VM operation: Cleanup
Event: 303.755 Executing safepoint VM operation: Cleanup done
Event: 308.366 Executing non-safepoint VM operation: HandshakeAllThreads (Deoptimize)
Event: 308.366 Executing non-safepoint VM operation: HandshakeAllThreads (Deoptimize) done
Event: 308.366 Executing safepoint VM operation: Cleanup
Event: 308.366 Executing safepoint VM operation: Cleanup done
Event: 309.375 Executing safepoint VM operation: Cleanup
Event: 309.375 Executing safepoint VM operation: Cleanup done

Memory protections (0 events):
No events

Nmethod flushes (20 events):
Event: 226.382 Thread 0x0000022ffa2429f0 flushing  nmethod 0x0000022f80c9ef10
Event: 226.382 Thread 0x0000022ffa2429f0 flushing  nmethod 0x0000022f80ca3910
Event: 226.382 Thread 0x0000022ffa2429f0 flushing  nmethod 0x0000022f80ca6910
Event: 226.382 Thread 0x0000022ffa2429f0 flushing  nmethod 0x0000022f80caa610
Event: 226.382 Thread 0x0000022ffa2429f0 flushing  nmethod 0x0000022f80caaf90
Event: 226.382 Thread 0x0000022ffa2429f0 flushing  nmethod 0x0000022f80cab910
Event: 226.382 Thread 0x0000022ffa2429f0 flushing  nmethod 0x0000022f80cac710
Event: 226.382 Thread 0x0000022ffa2429f0 flushing  nmethod 0x0000022f80cad590
Event: 226.382 Thread 0x0000022ffa2429f0 flushing  nmethod 0x0000022f80cb1490
Event: 226.382 Thread 0x0000022ffa2429f0 flushing  nmethod 0x0000022f80cb1910
Event: 226.382 Thread 0x0000022ffa2429f0 flushing  nmethod 0x0000022f80cbb910
Event: 226.382 Thread 0x0000022ffa2429f0 flushing  nmethod 0x0000022f80cd6590
Event: 226.382 Thread 0x0000022ffa2429f0 flushing  nmethod 0x0000022f80d04790
Event: 226.382 Thread 0x0000022ffa2429f0 flushing  nmethod 0x0000022f80d07e10
Event: 226.382 Thread 0x0000022ffa2429f0 flushing  nmethod 0x0000022f80d0ae90
Event: 226.382 Thread 0x0000022ffa2429f0 flushing  nmethod 0x0000022f80d0be10
Event: 226.382 Thread 0x0000022ffa2429f0 flushing  nmethod 0x0000022f80d0c590
Event: 226.382 Thread 0x0000022ffa2429f0 flushing  nmethod 0x0000022f80d54510
Event: 226.382 Thread 0x0000022ffa2429f0 flushing  nmethod 0x0000022f80d58310
Event: 226.382 Thread 0x0000022ffa2429f0 flushing  nmethod 0x0000022f80d59790

Events (20 events):
Event: 194.567 Thread 0x0000022fdb24c330 Thread added: 0x0000022fdb24b610
Event: 194.569 Thread 0x0000022fdb24c330 Thread added: 0x0000022fdb24e400
Event: 194.618 Thread 0x0000022fdb24c330 Thread added: 0x0000022fdb24d6e0
Event: 194.622 Thread 0x0000022fdb24c330 Thread exited: 0x0000022fdb24c330
Event: 194.635 Thread 0x0000022fdb24d6e0 Thread exited: 0x0000022fdb24d6e0
Event: 194.734 Thread 0x0000022fde509ce0 Thread added: 0x0000022fdb24d6e0
Event: 194.758 Thread 0x0000022fdb24b610 Thread exited: 0x0000022fdb24b610
Event: 194.758 Thread 0x0000022fdb24e400 Thread exited: 0x0000022fdb24e400
Event: 194.760 Thread 0x0000022fdb24d6e0 Thread exited: 0x0000022fdb24d6e0
Event: 194.781 Thread 0x0000022fde509ce0 Thread exited: 0x0000022fde509ce0
Event: 224.793 Thread 0x0000022fde50b720 Thread exited: 0x0000022fde50b720
Event: 308.342 Thread 0x0000022fdb32d300 Thread added: 0x0000022fde50b720
Event: 308.343 Thread 0x0000022fde50b720 Thread added: 0x0000022fda012ec0
Event: 308.343 Thread 0x0000022fde50b720 Thread added: 0x0000022fda0100d0
Event: 308.343 Thread 0x0000022fde50b720 Thread exited: 0x0000022fde50b720
Event: 308.343 Thread 0x0000022fda0100d0 Thread exited: 0x0000022fda0100d0
Event: 308.344 Thread 0x0000022fda012ec0 Thread exited: 0x0000022fda012ec0
Event: 308.350 Thread 0x0000022fdb32d300 Thread added: 0x0000022fde50b720
Event: 308.351 Thread 0x0000022fde50b720 Thread exited: 0x0000022fde50b720
Event: 348.246 Thread 0x0000022fdbc55220 Thread exited: 0x0000022fdbc55220


Dynamic libraries:
0x00007ff79b9f0000 - 0x00007ff79b9fe000 	c:\Users\HP\.vscode\extensions\redhat.java-1.54.0-win32-x64\jre\21.0.10-win32-x86_64\bin\java.exe
0x00007ffd1cc00000 - 0x00007ffd1ce67000 	C:\windows\SYSTEM32\ntdll.dll
0x00007ffd1b7b0000 - 0x00007ffd1b879000 	C:\windows\System32\KERNEL32.DLL
0x00007ffd1a550000 - 0x00007ffd1a947000 	C:\windows\System32\KERNELBASE.dll
0x00007ffd1a0c0000 - 0x00007ffd1a20b000 	C:\windows\System32\ucrtbase.dll
0x00007ffd0da20000 - 0x00007ffd0da3e000 	c:\Users\HP\.vscode\extensions\redhat.java-1.54.0-win32-x64\jre\21.0.10-win32-x86_64\bin\VCRUNTIME140.dll
0x00007ffced760000 - 0x00007ffced778000 	c:\Users\HP\.vscode\extensions\redhat.java-1.54.0-win32-x64\jre\21.0.10-win32-x86_64\bin\jli.dll
0x00007ffd1b220000 - 0x00007ffd1b3e6000 	C:\windows\System32\USER32.dll
0x00007ffd1a950000 - 0x00007ffd1a977000 	C:\windows\System32\win32u.dll
0x00007ffd1aed0000 - 0x00007ffd1aefb000 	C:\windows\System32\GDI32.dll
0x00007ffd1a2a0000 - 0x00007ffd1a3cc000 	C:\windows\System32\gdi32full.dll
0x00007ffd196e0000 - 0x00007ffd19783000 	C:\windows\System32\msvcp_win.dll
0x00007ffcf2800000 - 0x00007ffcf2a92000 	C:\windows\WinSxS\amd64_microsoft.windows.common-controls_6595b64144ccf1df_6.0.26100.8328_none_3e08182ce334b678\COMCTL32.dll
0x00007ffd1b8a0000 - 0x00007ffd1b949000 	C:\windows\System32\msvcrt.dll
0x00007ffd1b950000 - 0x00007ffd1b982000 	C:\windows\System32\IMM32.DLL
0x00007ffd143d0000 - 0x00007ffd143dc000 	c:\Users\HP\.vscode\extensions\redhat.java-1.54.0-win32-x64\jre\21.0.10-win32-x86_64\bin\vcruntime140_1.dll
0x00007ffcc2540000 - 0x00007ffcc25cd000 	c:\Users\HP\.vscode\extensions\redhat.java-1.54.0-win32-x64\jre\21.0.10-win32-x86_64\bin\msvcp140.dll
0x00007ffc791b0000 - 0x00007ffc79f51000 	c:\Users\HP\.vscode\extensions\redhat.java-1.54.0-win32-x64\jre\21.0.10-win32-x86_64\bin\server\jvm.dll
0x00007ffd1ae10000 - 0x00007ffd1aec6000 	C:\windows\System32\ADVAPI32.dll
0x00007ffd1be80000 - 0x00007ffd1bf27000 	C:\windows\System32\sechost.dll
0x00007ffd1b000000 - 0x00007ffd1b118000 	C:\windows\System32\RPCRT4.dll
0x00007ffd1bdf0000 - 0x00007ffd1be70000 	C:\windows\System32\WS2_32.dll
0x00007ffd05a70000 - 0x00007ffd05aa6000 	C:\windows\SYSTEM32\WINMM.dll
0x00007ffd0d740000 - 0x00007ffd0d74b000 	C:\windows\SYSTEM32\VERSION.dll
0x00007ffd18e10000 - 0x00007ffd18e6e000 	C:\windows\SYSTEM32\POWRPROF.dll
0x00007ffd18df0000 - 0x00007ffd18e04000 	C:\windows\SYSTEM32\UMPDC.dll
0x00007ffd183c0000 - 0x00007ffd183db000 	C:\windows\SYSTEM32\kernel.appcore.dll
0x00007ffd0e170000 - 0x00007ffd0e17a000 	c:\Users\HP\.vscode\extensions\redhat.java-1.54.0-win32-x64\jre\21.0.10-win32-x86_64\bin\jimage.dll
0x00007ffd172a0000 - 0x00007ffd174e2000 	C:\windows\SYSTEM32\DBGHELP.DLL
0x00007ffd1b990000 - 0x00007ffd1bd13000 	C:\windows\System32\combase.dll
0x00007ffd1c810000 - 0x00007ffd1c8e9000 	C:\windows\System32\OLEAUT32.dll
0x00007ffcec670000 - 0x00007ffcec6ab000 	C:\windows\SYSTEM32\dbgcore.DLL
0x00007ffd19630000 - 0x00007ffd196d8000 	C:\windows\System32\bcryptPrimitives.dll
0x00007ffce9f10000 - 0x00007ffce9f1f000 	c:\Users\HP\.vscode\extensions\redhat.java-1.54.0-win32-x64\jre\21.0.10-win32-x86_64\bin\instrument.dll
0x00007ffce8d40000 - 0x00007ffce8d60000 	c:\Users\HP\.vscode\extensions\redhat.java-1.54.0-win32-x64\jre\21.0.10-win32-x86_64\bin\java.dll
0x00007ffd1bf40000 - 0x00007ffd1c6ae000 	C:\windows\System32\SHELL32.dll
0x00007ffd19850000 - 0x00007ffd1a0bc000 	C:\windows\System32\windows.storage.dll
0x00007ffd1af00000 - 0x00007ffd1aff6000 	C:\windows\System32\SHCORE.dll
0x00007ffd1b400000 - 0x00007ffd1b466000 	C:\windows\System32\shlwapi.dll
0x00007ffd19550000 - 0x00007ffd19579000 	C:\windows\SYSTEM32\profapi.dll
0x00007ffce8d00000 - 0x00007ffce8d18000 	c:\Users\HP\.vscode\extensions\redhat.java-1.54.0-win32-x64\jre\21.0.10-win32-x86_64\bin\zip.dll
0x00007ffce8400000 - 0x00007ffce8410000 	C:\Users\HP\.vscode\extensions\redhat.java-1.54.0-win32-x64\jre\21.0.10-win32-x86_64\bin\net.dll
0x00007ffd10aa0000 - 0x00007ffd10bc9000 	C:\windows\SYSTEM32\WINHTTP.dll
0x00007ffd18930000 - 0x00007ffd1899c000 	C:\windows\system32\mswsock.dll
0x00007ffce83e0000 - 0x00007ffce83f6000 	C:\Users\HP\.vscode\extensions\redhat.java-1.54.0-win32-x64\jre\21.0.10-win32-x86_64\bin\nio.dll
0x00007ffce83d0000 - 0x00007ffce83e0000 	c:\Users\HP\.vscode\extensions\redhat.java-1.54.0-win32-x64\jre\21.0.10-win32-x86_64\bin\verify.dll
0x00007ffcc3630000 - 0x00007ffcc3675000 	C:\Users\HP\AppData\Roaming\Code\User\globalStorage\redhat.java\1.54.0\config_win\org.eclipse.equinox.launcher\org.eclipse.equinox.launcher.win32.win32.x86_64_1.3.0.v20260203-2149\eclipse_11919.dll
0x00007ffd1ca10000 - 0x00007ffd1cba7000 	C:\windows\System32\ole32.dll
0x00007ffce6110000 - 0x00007ffce611a000 	C:\Users\HP\.vscode\extensions\redhat.java-1.54.0-win32-x64\jre\21.0.10-win32-x86_64\bin\management.dll
0x00007ffce07d0000 - 0x00007ffce07dc000 	C:\Users\HP\.vscode\extensions\redhat.java-1.54.0-win32-x64\jre\21.0.10-win32-x86_64\bin\management_ext.dll
0x00007ffd1b3f0000 - 0x00007ffd1b3f8000 	C:\windows\System32\PSAPI.DLL
0x00007ffd18c10000 - 0x00007ffd18c2b000 	C:\windows\SYSTEM32\CRYPTSP.dll
0x00007ffd18320000 - 0x00007ffd18359000 	C:\windows\system32\rsaenh.dll
0x00007ffd189e0000 - 0x00007ffd18a13000 	C:\windows\SYSTEM32\USERENV.dll
0x00007ffd19520000 - 0x00007ffd1954a000 	C:\windows\SYSTEM32\bcrypt.dll
0x00007ffd18c30000 - 0x00007ffd18c3c000 	C:\windows\SYSTEM32\CRYPTBASE.dll
0x00007ffd17e60000 - 0x00007ffd17e92000 	C:\windows\SYSTEM32\IPHLPAPI.DLL
0x00007ffd1c980000 - 0x00007ffd1c98a000 	C:\windows\System32\NSI.dll
0x00007ffcc24f0000 - 0x00007ffcc2539000 	C:\Users\HP\AppData\Local\Temp\jna-2312\jna15288179243025012003.dll
0x00007ffd10d80000 - 0x00007ffd10d9d000 	C:\windows\SYSTEM32\dhcpcsvc6.DLL
0x00007ffd10d50000 - 0x00007ffd10d75000 	C:\windows\SYSTEM32\dhcpcsvc.DLL
0x00007ffcdd750000 - 0x00007ffcdd75e000 	C:\Users\HP\.vscode\extensions\redhat.java-1.54.0-win32-x64\jre\21.0.10-win32-x86_64\bin\sunmscapi.dll
0x00007ffd1a3d0000 - 0x00007ffd1a548000 	C:\windows\System32\CRYPT32.dll
0x00007ffd18f50000 - 0x00007ffd18f80000 	C:\windows\SYSTEM32\ncrypt.dll
0x00007ffd18f00000 - 0x00007ffd18f3f000 	C:\windows\SYSTEM32\NTASN1.dll
0x00007ffd17ea0000 - 0x00007ffd17fd2000 	C:\windows\SYSTEM32\DNSAPI.dll
0x00007ffd0f500000 - 0x00007ffd0f50b000 	C:\Windows\System32\rasadhlp.dll
0x00007ffd10e30000 - 0x00007ffd10eb6000 	C:\windows\System32\fwpuclnt.dll
0x00007ffcd9af0000 - 0x00007ffcd9af9000 	C:\Users\HP\.vscode\extensions\redhat.java-1.54.0-win32-x64\jre\21.0.10-win32-x86_64\bin\extnet.dll

JVMTI agents:
c:\Users\HP\.vscode\extensions\redhat.java-1.54.0-win32-x64\lombok\lombok-1.18.39-4050.jar path:c:\Users\HP\.vscode\extensions\redhat.java-1.54.0-win32-x64\jre\21.0.10-win32-x86_64\bin\instrument.dll, loaded, initialized, instrumentlib options:none

dbghelp: loaded successfully - version: 4.0.5 - missing functions: none
symbol engine: initialized successfully - sym options: 0x614 - pdb path: .;c:\Users\HP\.vscode\extensions\redhat.java-1.54.0-win32-x64\jre\21.0.10-win32-x86_64\bin;C:\windows\SYSTEM32;C:\windows\WinSxS\amd64_microsoft.windows.common-controls_6595b64144ccf1df_6.0.26100.8328_none_3e08182ce334b678;c:\Users\HP\.vscode\extensions\redhat.java-1.54.0-win32-x64\jre\21.0.10-win32-x86_64\bin\server;C:\Users\HP\AppData\Roaming\Code\User\globalStorage\redhat.java\1.54.0\config_win\org.eclipse.equinox.launcher\org.eclipse.equinox.launcher.win32.win32.x86_64_1.3.0.v20260203-2149;C:\Users\HP\AppData\Local\Temp\jna-2312

VM Arguments:
jvm_args: --add-modules=ALL-SYSTEM --add-opens=java.base/java.util=ALL-UNNAMED --add-opens=java.base/java.lang=ALL-UNNAMED --add-opens=java.base/sun.nio.fs=ALL-UNNAMED -Declipse.application=org.eclipse.jdt.ls.core.id1 -Dosgi.bundles.defaultStartLevel=4 -Declipse.product=org.eclipse.jdt.ls.core.product -Djava.import.generatesMetadataFilesAtProjectRoot=false -DDetectVMInstallationsJob.disabled=true -Dfile.encoding=utf8 -XX:+UseParallelGC -XX:GCTimeRatio=4 -XX:AdaptiveSizePolicyWeight=90 -Dsun.zip.disableMemoryMapping=true -Xmx2G -Xms100m -Xlog:disable -javaagent:c:\Users\HP\.vscode\extensions\redhat.java-1.54.0-win32-x64\lombok\lombok-1.18.39-4050.jar -XX:+HeapDumpOnOutOfMemoryError -XX:HeapDumpPath=c:\Users\HP\AppData\Roaming\Code\User\workspaceStorage\5e6163801beefd879b02f71052a87889\redhat.java -Daether.dependencyCollector.impl=bf 
java_command: c:\Users\HP\.vscode\extensions\redhat.java-1.54.0-win32-x64\server\plugins\org.eclipse.equinox.launcher_1.7.100.v20251111-0406.jar -configuration c:\Users\HP\AppData\Roaming\Code\User\globalStorage\redhat.java\1.54.0\config_win -data c:\Users\HP\AppData\Roaming\Code\User\workspaceStorage\5e6163801beefd879b02f71052a87889\redhat.java\jdt_ws --pipe=\\.\pipe\lsp-6db541546d75c05e1ffcb16f2845f75d-sock
java_class_path (initial): c:\Users\HP\.vscode\extensions\redhat.java-1.54.0-win32-x64\server\plugins\org.eclipse.equinox.launcher_1.7.100.v20251111-0406.jar
Launcher Type: SUN_STANDARD

[Global flags]
    uintx AdaptiveSizePolicyWeight                 = 90                                        {product} {command line}
     intx CICompilerCount                          = 4                                         {product} {ergonomic}
    uintx GCTimeRatio                              = 4                                         {product} {command line}
     bool HeapDumpOnOutOfMemoryError               = true                                   {manageable} {command line}
    ccstr HeapDumpPath                             = c:\Users\HP\AppData\Roaming\Code\User\workspaceStorage\5e6163801beefd879b02f71052a87889\redhat.java         {manageable} {command line}
   size_t InitialHeapSize                          = 104857600                                 {product} {command line}
   size_t MaxHeapSize                              = 2147483648                                {product} {command line}
   size_t MaxNewSize                               = 715653120                                 {product} {ergonomic}
   size_t MinHeapDeltaBytes                        = 524288                                    {product} {ergonomic}
   size_t MinHeapSize                              = 104857600                                 {product} {command line}
   size_t NewSize                                  = 34603008                                  {product} {ergonomic}
    uintx NonNMethodCodeHeapSize                   = 5839372                                {pd product} {ergonomic}
    uintx NonProfiledCodeHeapSize                  = 122909434                              {pd product} {ergonomic}
   size_t OldSize                                  = 70254592                                  {product} {ergonomic}
    uintx ProfiledCodeHeapSize                     = 122909434                              {pd product} {ergonomic}
    uintx ReservedCodeCacheSize                    = 251658240                              {pd product} {ergonomic}
     bool SegmentedCodeCache                       = true                                      {product} {ergonomic}
   size_t SoftMaxHeapSize                          = 2147483648                             {manageable} {ergonomic}
     bool UseCompressedOops                        = true                           {product lp64_product} {ergonomic}
     bool UseLargePagesIndividualAllocation        = false                                  {pd product} {ergonomic}
     bool UseParallelGC                            = true                                      {product} {command line}

Logging:
Log output configuration:
 #0: stdout all=off uptime,level,tags foldmultilines=false
 #1: stderr all=off uptime,level,tags foldmultilines=false

Release file:
JAVA_VERSION="21.0.10" 
MODULES="java.base java.compiler java.datatransfer java.xml java.prefs java.desktop java.instrument java.logging java.management java.security.sasl java.naming java.rmi java.management.rmi java.net.http java.scripting java.security.jgss java.transaction.xa java.sql java.sql.rowset java.xml.crypto java.se java.smartcardio jdk.accessibility jdk.internal.jvmstat jdk.attach jdk.charsets jdk.internal.opt jdk.zipfs jdk.compiler jdk.crypto.ec jdk.crypto.cryptoki jdk.crypto.mscapi jdk.dynalink jdk.internal.ed jdk.editpad jdk.hotspot.agent jdk.httpserver jdk.internal.le jdk.internal.vm.ci jdk.internal.vm.compiler jdk.internal.vm.compiler.management jdk.jartool jdk.javadoc jdk.jcmd jdk.management jdk.management.agent jdk.jconsole jdk.jdeps jdk.jdwp.agent jdk.jdi jdk.jfr jdk.jshell jdk.jsobject jdk.jstatd jdk.localedata jdk.management.jfr jdk.naming.dns jdk.naming.rmi jdk.net jdk.nio.mapmode jdk.random jdk.sctp jdk.security.auth jdk.security.jgss jdk.unsupported jdk.unsupported.desktop jdk.xml.dom" 

Environment Variables:
PATH=C:\Program Files\Common Files\Oracle\Java\javapath;C:\Program Files (x86)\Common Files\Oracle\Java\java8path;C:\Program Files (x86)\Common Files\Oracle\Java\javapath;C:\windows\system32;C:\windows;C:\windows\System32\Wbem;C:\windows\System32\WindowsPowerShell\v1.0\;C:\windows\System32\OpenSSH\;C:\Program Files (x86)\NVIDIA Corporation\PhysX\Common;C:\Program Files\NVIDIA Corporation\NVIDIA App\NvDLISR;C:\Users\Administrator\AppData\Local\Microsoft\WindowsApps;C:\Program Files\HP\OMEN-Broadcast\Common;C:\MinGW\bin;C:\MinGW\bin;C:\Program Files\Git\cmd;C:\MinGW\bin;C:\Users\HP\AppData\Local\Programs\Python\Python313\Scripts\;C:\Users\HP\AppData\Local\Programs\Python\Python313\;C:\Users\HP\AppData\Local\Microsoft\WindowsApps;C:\Users\HP\AppData\Local\Programs\Microsoft VS Code\bin;C:\Users\HP\Desktop\IntelliJ IDEA Community Edition 2025.2\bin;C:\Users\HP\AppData\Local\GitHubDesktop\bin
USERNAME=HP
OS=Windows_NT
PROCESSOR_IDENTIFIER=Intel64 Family 6 Model 186 Stepping 2, GenuineIntel
TMP=C:\Users\HP\AppData\Local\Temp
TEMP=C:\Users\HP\AppData\Local\Temp




Periodic native trim disabled

---------------  S Y S T E M  ---------------

OS:
 Windows 11 , 64 bit Build 26100 (10.0.26100.8328)
OS uptime: 8 days 7:12 hours
Hyper-V role detected

CPU: total 12 (initial active 12) (6 cores per cpu, 2 threads per core) family 6 model 186 stepping 2 microcode 0x6134, cx8, cmov, fxsr, ht, mmx, 3dnowpref, sse, sse2, sse3, ssse3, sse4.1, sse4.2, popcnt, lzcnt, tsc, tscinvbit, avx, avx2, aes, erms, clmul, bmi1, bmi2, adx, sha, fma, vzeroupper, clflush, clflushopt, clwb, hv, serialize, rdtscp, rdpid, fsrm, f16c, cet_ibt, cet_ss
Processor Information for processor 0
  Max Mhz: 2100, Current Mhz: 2100, Mhz Limit: 2100
Processor Information for processor 1
  Max Mhz: 2100, Current Mhz: 2100, Mhz Limit: 2100
Processor Information for processor 2
  Max Mhz: 2100, Current Mhz: 2100, Mhz Limit: 2100
Processor Information for processor 3
  Max Mhz: 2100, Current Mhz: 2100, Mhz Limit: 2100
Processor Information for processor 4
  Max Mhz: 2100, Current Mhz: 2100, Mhz Limit: 2100
Processor Information for processor 5
  Max Mhz: 2100, Current Mhz: 2100, Mhz Limit: 2100
Processor Information for processor 6
  Max Mhz: 2100, Current Mhz: 2100, Mhz Limit: 2100
Processor Information for processor 7
  Max Mhz: 2100, Current Mhz: 2100, Mhz Limit: 2100
Processor Information for processor 8
  Max Mhz: 2100, Current Mhz: 1540, Mhz Limit: 2100
Processor Information for processor 9
  Max Mhz: 2100, Current Mhz: 2100, Mhz Limit: 2100
Processor Information for processor 10
  Max Mhz: 2100, Current Mhz: 2100, Mhz Limit: 2100
Processor Information for processor 11
  Max Mhz: 2100, Current Mhz: 1540, Mhz Limit: 2100

Memory: 4k page, system-wide physical 16013M (2102M free)
TotalPageFile size 18673M (AvailPageFile size 97M)
current process WorkingSet (physical memory assigned to process): 1221M, peak: 1232M
current process commit charge ("private bytes"): 1150M, peak: 1159M

vm_info: OpenJDK 64-Bit Server VM (21.0.10+7-LTS) for windows-amd64 JRE (21.0.10+7-LTS), built on 2026-01-20T00:00:00Z by "admin" with MS VC++ 17.12 (VS2022)

END.
